{"level":"info","message":"Test info message","timestamp":"2025-12-02T08:30:18.081Z"}
{"level":"warn","message":"Test warning message","timestamp":"2025-12-02T08:30:18.086Z"}
{"level":"error","message":"Test error message","timestamp":"2025-12-02T08:30:18.087Z"}
{"action":"create","level":"info","message":"Test","timestamp":"2025-12-02T08:30:18.088Z","userId":123}
{"level":"error","message":{"error":{"message":"Test error","stack":"Error: Test error\n    at Object.<anonymous> (C:\\Users\\KUMRU ÇELİK\\Desktop\\GLOWMANCE\\src\\__tests__\\unit\\utils\\logger.test.js:73:13)\n    at Promise.finally.completed (C:\\Users\\KUMRU ÇELİK\\Desktop\\GLOWMANCE\\node_modules\\jest-circus\\build\\jestAdapterInit.js:1557:28)\n    at new Promise (<anonymous>)\n    at callAsyncCircusFn (C:\\Users\\KUMRU ÇELİK\\Desktop\\GLOWMANCE\\node_modules\\jest-circus\\build\\jestAdapterInit.js:1497:10)\n    at _callCircusHook (C:\\Users\\KUMRU ÇELİK\\Desktop\\GLOWMANCE\\node_modules\\jest-circus\\build\\jestAdapterInit.js:976:40)\n    at processTicksAndRejections (node:internal/process/task_queues:105:5)\n    at _runTest (C:\\Users\\KUMRU ÇELİK\\Desktop\\GLOWMANCE\\node_modules\\jest-circus\\build\\jestAdapterInit.js:941:5)\n    at C:\\Users\\KUMRU ÇELİK\\Desktop\\GLOWMANCE\\node_modules\\jest-circus\\build\\jestAdapterInit.js:849:7\n    at _runTestsForDescribeBlock (C:\\Users\\KUMRU ÇELİK\\Desktop\\GLOWMANCE\\node_modules\\jest-circus\\build\\jestAdapterInit.js:862:11)\n    at _runTestsForDescribeBlock (C:\\Users\\KUMRU ÇELİK\\Desktop\\GLOWMANCE\\node_modules\\jest-circus\\build\\jestAdapterInit.js:857:11)\n    at _runTestsForDescribeBlock (C:\\Users\\KUMRU ÇELİK\\Desktop\\GLOWMANCE\\node_modules\\jest-circus\\build\\jestAdapterInit.js:857:11)\n    at run (C:\\Users\\KUMRU ÇELİK\\Desktop\\GLOWMANCE\\node_modules\\jest-circus\\build\\jestAdapterInit.js:761:3)\n    at runAndTransformResultsToJestFormat (C:\\Users\\KUMRU ÇELİK\\Desktop\\GLOWMANCE\\node_modules\\jest-circus\\build\\jestAdapterInit.js:1918:21)\n    at jestAdapter (C:\\Users\\KUMRU ÇELİK\\Desktop\\GLOWMANCE\\node_modules\\jest-circus\\build\\runner.js:101:19)\n    at runTestInternal (C:\\Users\\KUMRU ÇELİK\\Desktop\\GLOWMANCE\\node_modules\\jest-runner\\build\\testWorker.js:275:16)\n    at runTest (C:\\Users\\KUMRU ÇELİK\\Desktop\\GLOWMANCE\\node_modules\\jest-runner\\build\\testWorker.js:343:7)\n    at Object.worker (C:\\Users\\KUMRU ÇELİK\\Desktop\\GLOWMANCE\\node_modules\\jest-runner\\build\\testWorker.js:497:12)","statusCode":500},"request":{"body":{"test":"data"},"method":"POST","url":"/api/test","user":123}},"timestamp":"2025-12-02T08:30:18.108Z"}
{"level":"error","message":{"error":{"message":"Test error","stack":"Error: Test error\n    at Object.<anonymous> (C:\\Users\\KUMRU ÇELİK\\Desktop\\GLOWMANCE\\src\\__tests__\\unit\\utils\\logger.test.js:73:13)\n    at Promise.finally.completed (C:\\Users\\KUMRU ÇELİK\\Desktop\\GLOWMANCE\\node_modules\\jest-circus\\build\\jestAdapterInit.js:1557:28)\n    at new Promise (<anonymous>)\n    at callAsyncCircusFn (C:\\Users\\KUMRU ÇELİK\\Desktop\\GLOWMANCE\\node_modules\\jest-circus\\build\\jestAdapterInit.js:1497:10)\n    at _callCircusHook (C:\\Users\\KUMRU ÇELİK\\Desktop\\GLOWMANCE\\node_modules\\jest-circus\\build\\jestAdapterInit.js:976:40)\n    at processTicksAndRejections (node:internal/process/task_queues:105:5)\n    at _runTest (C:\\Users\\KUMRU ÇELİK\\Desktop\\GLOWMANCE\\node_modules\\jest-circus\\build\\jestAdapterInit.js:941:5)\n    at C:\\Users\\KUMRU ÇELİK\\Desktop\\GLOWMANCE\\node_modules\\jest-circus\\build\\jestAdapterInit.js:849:7\n    at _runTestsForDescribeBlock (C:\\Users\\KUMRU ÇELİK\\Desktop\\GLOWMANCE\\node_modules\\jest-circus\\build\\jestAdapterInit.js:862:11)\n    at _runTestsForDescribeBlock (C:\\Users\\KUMRU ÇELİK\\Desktop\\GLOWMANCE\\node_modules\\jest-circus\\build\\jestAdapterInit.js:857:11)\n    at _runTestsForDescribeBlock (C:\\Users\\KUMRU ÇELİK\\Desktop\\GLOWMANCE\\node_modules\\jest-circus\\build\\jestAdapterInit.js:857:11)\n    at run (C:\\Users\\KUMRU ÇELİK\\Desktop\\GLOWMANCE\\node_modules\\jest-circus\\build\\jestAdapterInit.js:761:3)\n    at runAndTransformResultsToJestFormat (C:\\Users\\KUMRU ÇELİK\\Desktop\\GLOWMANCE\\node_modules\\jest-circus\\build\\jestAdapterInit.js:1918:21)\n    at jestAdapter (C:\\Users\\KUMRU ÇELİK\\Desktop\\GLOWMANCE\\node_modules\\jest-circus\\build\\runner.js:101:19)\n    at runTestInternal (C:\\Users\\KUMRU ÇELİK\\Desktop\\GLOWMANCE\\node_modules\\jest-runner\\build\\testWorker.js:275:16)\n    at runTest (C:\\Users\\KUMRU ÇELİK\\Desktop\\GLOWMANCE\\node_modules\\jest-runner\\build\\testWorker.js:343:7)\n    at Object.worker (C:\\Users\\KUMRU ÇELİK\\Desktop\\GLOWMANCE\\node_modules\\jest-runner\\build\\testWorker.js:497:12)","statusCode":500},"request":{"body":{"test":"data"},"method":"POST","url":"/api/test","user":123}},"timestamp":"2025-12-02T08:30:18.113Z"}
{"level":"error","message":{"error":{"message":"Test error","stack":"Error: Test error\n    at Object.<anonymous> (C:\\Users\\KUMRU ÇELİK\\Desktop\\GLOWMANCE\\src\\__tests__\\unit\\utils\\logger.test.js:73:13)\n    at Promise.finally.completed (C:\\Users\\KUMRU ÇELİK\\Desktop\\GLOWMANCE\\node_modules\\jest-circus\\build\\jestAdapterInit.js:1557:28)\n    at new Promise (<anonymous>)\n    at callAsyncCircusFn (C:\\Users\\KUMRU ÇELİK\\Desktop\\GLOWMANCE\\node_modules\\jest-circus\\build\\jestAdapterInit.js:1497:10)\n    at _callCircusHook (C:\\Users\\KUMRU ÇELİK\\Desktop\\GLOWMANCE\\node_modules\\jest-circus\\build\\jestAdapterInit.js:976:40)\n    at processTicksAndRejections (node:internal/process/task_queues:105:5)\n    at _runTest (C:\\Users\\KUMRU ÇELİK\\Desktop\\GLOWMANCE\\node_modules\\jest-circus\\build\\jestAdapterInit.js:941:5)\n    at C:\\Users\\KUMRU ÇELİK\\Desktop\\GLOWMANCE\\node_modules\\jest-circus\\build\\jestAdapterInit.js:849:7\n    at _runTestsForDescribeBlock (C:\\Users\\KUMRU ÇELİK\\Desktop\\GLOWMANCE\\node_modules\\jest-circus\\build\\jestAdapterInit.js:862:11)\n    at _runTestsForDescribeBlock (C:\\Users\\KUMRU ÇELİK\\Desktop\\GLOWMANCE\\node_modules\\jest-circus\\build\\jestAdapterInit.js:857:11)\n    at _runTestsForDescribeBlock (C:\\Users\\KUMRU ÇELİK\\Desktop\\GLOWMANCE\\node_modules\\jest-circus\\build\\jestAdapterInit.js:857:11)\n    at run (C:\\Users\\KUMRU ÇELİK\\Desktop\\GLOWMANCE\\node_modules\\jest-circus\\build\\jestAdapterInit.js:761:3)\n    at runAndTransformResultsToJestFormat (C:\\Users\\KUMRU ÇELİK\\Desktop\\GLOWMANCE\\node_modules\\jest-circus\\build\\jestAdapterInit.js:1918:21)\n    at jestAdapter (C:\\Users\\KUMRU ÇELİK\\Desktop\\GLOWMANCE\\node_modules\\jest-circus\\build\\runner.js:101:19)\n    at runTestInternal (C:\\Users\\KUMRU ÇELİK\\Desktop\\GLOWMANCE\\node_modules\\jest-runner\\build\\testWorker.js:275:16)\n    at runTest (C:\\Users\\KUMRU ÇELİK\\Desktop\\GLOWMANCE\\node_modules\\jest-runner\\build\\testWorker.js:343:7)\n    at Object.worker (C:\\Users\\KUMRU ÇELİK\\Desktop\\GLOWMANCE\\node_modules\\jest-runner\\build\\testWorker.js:497:12)","statusCode":500},"request":{"body":{"test":"data"},"method":"POST","url":"/api/test","user":null}},"timestamp":"2025-12-02T08:30:18.115Z"}
{"level":"info","message":"Test info message","timestamp":"2025-12-02T08:30:45.067Z"}
{"level":"warn","message":"Test warning message","timestamp":"2025-12-02T08:30:45.070Z"}
{"level":"error","message":"Test error message","timestamp":"2025-12-02T08:30:45.070Z"}
{"action":"create","level":"info","message":"Test","timestamp":"2025-12-02T08:30:45.071Z","userId":123}
{"level":"error","message":{"error":{"message":"Test error","stack":"Error: Test error\n    at Object.<anonymous> (C:\\Users\\KUMRU ÇELİK\\Desktop\\GLOWMANCE\\src\\__tests__\\unit\\utils\\logger.test.js:73:13)\n    at Promise.finally.completed (C:\\Users\\KUMRU ÇELİK\\Desktop\\GLOWMANCE\\node_modules\\jest-circus\\build\\jestAdapterInit.js:1557:28)\n    at new Promise (<anonymous>)\n    at callAsyncCircusFn (C:\\Users\\KUMRU ÇELİK\\Desktop\\GLOWMANCE\\node_modules\\jest-circus\\build\\jestAdapterInit.js:1497:10)\n    at _callCircusHook (C:\\Users\\KUMRU ÇELİK\\Desktop\\GLOWMANCE\\node_modules\\jest-circus\\build\\jestAdapterInit.js:976:40)\n    at processTicksAndRejections (node:internal/process/task_queues:105:5)\n    at _runTest (C:\\Users\\KUMRU ÇELİK\\Desktop\\GLOWMANCE\\node_modules\\jest-circus\\build\\jestAdapterInit.js:941:5)\n    at C:\\Users\\KUMRU ÇELİK\\Desktop\\GLOWMANCE\\node_modules\\jest-circus\\build\\jestAdapterInit.js:849:7\n    at _runTestsForDescribeBlock (C:\\Users\\KUMRU ÇELİK\\Desktop\\GLOWMANCE\\node_modules\\jest-circus\\build\\jestAdapterInit.js:862:11)\n    at _runTestsForDescribeBlock (C:\\Users\\KUMRU ÇELİK\\Desktop\\GLOWMANCE\\node_modules\\jest-circus\\build\\jestAdapterInit.js:857:11)\n    at _runTestsForDescribeBlock (C:\\Users\\KUMRU ÇELİK\\Desktop\\GLOWMANCE\\node_modules\\jest-circus\\build\\jestAdapterInit.js:857:11)\n    at run (C:\\Users\\KUMRU ÇELİK\\Desktop\\GLOWMANCE\\node_modules\\jest-circus\\build\\jestAdapterInit.js:761:3)\n    at runAndTransformResultsToJestFormat (C:\\Users\\KUMRU ÇELİK\\Desktop\\GLOWMANCE\\node_modules\\jest-circus\\build\\jestAdapterInit.js:1918:21)\n    at jestAdapter (C:\\Users\\KUMRU ÇELİK\\Desktop\\GLOWMANCE\\node_modules\\jest-circus\\build\\runner.js:101:19)\n    at runTestInternal (C:\\Users\\KUMRU ÇELİK\\Desktop\\GLOWMANCE\\node_modules\\jest-runner\\build\\testWorker.js:275:16)\n    at runTest (C:\\Users\\KUMRU ÇELİK\\Desktop\\GLOWMANCE\\node_modules\\jest-runner\\build\\testWorker.js:343:7)\n    at Object.worker (C:\\Users\\KUMRU ÇELİK\\Desktop\\GLOWMANCE\\node_modules\\jest-runner\\build\\testWorker.js:497:12)","statusCode":500},"request":{"body":{"test":"data"},"method":"POST","url":"/api/test","user":123}},"timestamp":"2025-12-02T08:30:45.089Z"}
{"level":"error","message":{"error":{"message":"Test error","stack":"Error: Test error\n    at Object.<anonymous> (C:\\Users\\KUMRU ÇELİK\\Desktop\\GLOWMANCE\\src\\__tests__\\unit\\utils\\logger.test.js:73:13)\n    at Promise.finally.completed (C:\\Users\\KUMRU ÇELİK\\Desktop\\GLOWMANCE\\node_modules\\jest-circus\\build\\jestAdapterInit.js:1557:28)\n    at new Promise (<anonymous>)\n    at callAsyncCircusFn (C:\\Users\\KUMRU ÇELİK\\Desktop\\GLOWMANCE\\node_modules\\jest-circus\\build\\jestAdapterInit.js:1497:10)\n    at _callCircusHook (C:\\Users\\KUMRU ÇELİK\\Desktop\\GLOWMANCE\\node_modules\\jest-circus\\build\\jestAdapterInit.js:976:40)\n    at processTicksAndRejections (node:internal/process/task_queues:105:5)\n    at _runTest (C:\\Users\\KUMRU ÇELİK\\Desktop\\GLOWMANCE\\node_modules\\jest-circus\\build\\jestAdapterInit.js:941:5)\n    at C:\\Users\\KUMRU ÇELİK\\Desktop\\GLOWMANCE\\node_modules\\jest-circus\\build\\jestAdapterInit.js:849:7\n    at _runTestsForDescribeBlock (C:\\Users\\KUMRU ÇELİK\\Desktop\\GLOWMANCE\\node_modules\\jest-circus\\build\\jestAdapterInit.js:862:11)\n    at _runTestsForDescribeBlock (C:\\Users\\KUMRU ÇELİK\\Desktop\\GLOWMANCE\\node_modules\\jest-circus\\build\\jestAdapterInit.js:857:11)\n    at _runTestsForDescribeBlock (C:\\Users\\KUMRU ÇELİK\\Desktop\\GLOWMANCE\\node_modules\\jest-circus\\build\\jestAdapterInit.js:857:11)\n    at run (C:\\Users\\KUMRU ÇELİK\\Desktop\\GLOWMANCE\\node_modules\\jest-circus\\build\\jestAdapterInit.js:761:3)\n    at runAndTransformResultsToJestFormat (C:\\Users\\KUMRU ÇELİK\\Desktop\\GLOWMANCE\\node_modules\\jest-circus\\build\\jestAdapterInit.js:1918:21)\n    at jestAdapter (C:\\Users\\KUMRU ÇELİK\\Desktop\\GLOWMANCE\\node_modules\\jest-circus\\build\\runner.js:101:19)\n    at runTestInternal (C:\\Users\\KUMRU ÇELİK\\Desktop\\GLOWMANCE\\node_modules\\jest-runner\\build\\testWorker.js:275:16)\n    at runTest (C:\\Users\\KUMRU ÇELİK\\Desktop\\GLOWMANCE\\node_modules\\jest-runner\\build\\testWorker.js:343:7)\n    at Object.worker (C:\\Users\\KUMRU ÇELİK\\Desktop\\GLOWMANCE\\node_modules\\jest-runner\\build\\testWorker.js:497:12)","statusCode":500},"request":{"body":{"test":"data"},"method":"POST","url":"/api/test","user":123}},"timestamp":"2025-12-02T08:30:45.091Z"}
{"level":"error","message":{"error":{"message":"Test error","stack":"Error: Test error\n    at Object.<anonymous> (C:\\Users\\KUMRU ÇELİK\\Desktop\\GLOWMANCE\\src\\__tests__\\unit\\utils\\logger.test.js:73:13)\n    at Promise.finally.completed (C:\\Users\\KUMRU ÇELİK\\Desktop\\GLOWMANCE\\node_modules\\jest-circus\\build\\jestAdapterInit.js:1557:28)\n    at new Promise (<anonymous>)\n    at callAsyncCircusFn (C:\\Users\\KUMRU ÇELİK\\Desktop\\GLOWMANCE\\node_modules\\jest-circus\\build\\jestAdapterInit.js:1497:10)\n    at _callCircusHook (C:\\Users\\KUMRU ÇELİK\\Desktop\\GLOWMANCE\\node_modules\\jest-circus\\build\\jestAdapterInit.js:976:40)\n    at processTicksAndRejections (node:internal/process/task_queues:105:5)\n    at _runTest (C:\\Users\\KUMRU ÇELİK\\Desktop\\GLOWMANCE\\node_modules\\jest-circus\\build\\jestAdapterInit.js:941:5)\n    at C:\\Users\\KUMRU ÇELİK\\Desktop\\GLOWMANCE\\node_modules\\jest-circus\\build\\jestAdapterInit.js:849:7\n    at _runTestsForDescribeBlock (C:\\Users\\KUMRU ÇELİK\\Desktop\\GLOWMANCE\\node_modules\\jest-circus\\build\\jestAdapterInit.js:862:11)\n    at _runTestsForDescribeBlock (C:\\Users\\KUMRU ÇELİK\\Desktop\\GLOWMANCE\\node_modules\\jest-circus\\build\\jestAdapterInit.js:857:11)\n    at _runTestsForDescribeBlock (C:\\Users\\KUMRU ÇELİK\\Desktop\\GLOWMANCE\\node_modules\\jest-circus\\build\\jestAdapterInit.js:857:11)\n    at run (C:\\Users\\KUMRU ÇELİK\\Desktop\\GLOWMANCE\\node_modules\\jest-circus\\build\\jestAdapterInit.js:761:3)\n    at runAndTransformResultsToJestFormat (C:\\Users\\KUMRU ÇELİK\\Desktop\\GLOWMANCE\\node_modules\\jest-circus\\build\\jestAdapterInit.js:1918:21)\n    at jestAdapter (C:\\Users\\KUMRU ÇELİK\\Desktop\\GLOWMANCE\\node_modules\\jest-circus\\build\\runner.js:101:19)\n    at runTestInternal (C:\\Users\\KUMRU ÇELİK\\Desktop\\GLOWMANCE\\node_modules\\jest-runner\\build\\testWorker.js:275:16)\n    at runTest (C:\\Users\\KUMRU ÇELİK\\Desktop\\GLOWMANCE\\node_modules\\jest-runner\\build\\testWorker.js:343:7)\n    at Object.worker (C:\\Users\\KUMRU ÇELİK\\Desktop\\GLOWMANCE\\node_modules\\jest-runner\\build\\testWorker.js:497:12)","statusCode":500},"request":{"body":{"test":"data"},"method":"POST","url":"/api/test","user":null}},"timestamp":"2025-12-02T08:30:45.092Z"}
{"level":"info","message":"Server running in development mode on port 3000","timestamp":"2025-12-03T17:47:04.063Z"}
{"level":"info","message":"Server running in development mode on port 3000","timestamp":"2025-12-06T14:54:12.532Z"}
{"level":"info","message":"Server running in development mode on port 3000","timestamp":"2025-12-06T14:59:18.259Z"}
{"level":"info","message":"Server running in development mode on port 3000","timestamp":"2025-12-06T15:00:03.681Z"}
{"level":"info","message":"Server running in development mode on port 3000","timestamp":"2025-12-06T15:00:42.417Z"}
{"level":"info","message":"Server running in development mode on port 3000","timestamp":"2025-12-06T15:15:19.238Z"}
{"level":"info","message":"Server running in development mode on port 3000","timestamp":"2025-12-06T15:17:34.019Z"}
{"level":"info","message":"Server running in development mode on port 3000","timestamp":"2025-12-06T15:25:26.958Z"}
{"level":"info","message":"Server running in development mode on port 3000","timestamp":"2025-12-06T15:46:20.367Z"}
{"level":"info","message":"Server running in development mode on port 3000","timestamp":"2025-12-06T15:58:34.405Z"}
{"level":"info","message":"Server running in development mode on port 3000","timestamp":"2025-12-06T16:35:21.072Z"}
{"level":"info","message":"Server running in development mode on port 3000","timestamp":"2025-12-06T17:03:51.116Z"}
{"level":"info","message":"Server running in development mode on port 3000","timestamp":"2025-12-06T17:05:02.485Z"}
{"level":"info","message":"Server running in development mode on port 3000","timestamp":"2025-12-06T17:09:37.471Z"}
{"level":"info","message":"Server running in development mode on port 3000","timestamp":"2025-12-06T17:19:15.759Z"}
{"level":"info","message":"Server running in development mode on port 3000","timestamp":"2025-12-06T17:52:40.883Z"}
{"level":"info","message":"Server running in development mode on port 3000","timestamp":"2025-12-06T17:59:24.747Z"}
{"level":"info","message":"Server running in development mode on port 3000","timestamp":"2025-12-06T18:07:43.531Z"}
{"level":"info","message":"Server running in development mode on port 3000","timestamp":"2025-12-06T18:09:23.263Z"}
{"level":"info","message":"Server running in development mode on port 3000","timestamp":"2025-12-06T18:13:31.099Z"}
{"level":"info","message":"Server running in development mode on port 3000","timestamp":"2025-12-06T18:16:19.980Z"}
{"level":"info","message":"Server running in development mode on port 3000","timestamp":"2025-12-06T18:26:28.857Z"}
{"level":"info","message":"Server running in development mode on port 3000","timestamp":"2025-12-06T18:32:53.583Z"}
{"level":"info","message":"Server running in development mode on port 3000","timestamp":"2025-12-06T18:38:56.925Z"}
{"level":"info","message":"Server running in development mode on port 3000","timestamp":"2025-12-06T18:42:27.837Z"}
{"level":"info","message":"Server running in development mode on port 3000","timestamp":"2025-12-06T18:43:49.932Z"}
{"level":"info","message":"Server running in development mode on port 3000","timestamp":"2025-12-06T18:45:20.946Z"}
{"level":"info","message":"Server running in development mode on port 3000","timestamp":"2025-12-06T18:46:05.414Z"}
{"level":"info","message":"Server running in development mode on port 3000","timestamp":"2025-12-06T18:53:36.826Z"}
{"level":"info","message":"Server running in development mode on port 3000","timestamp":"2025-12-06T18:59:42.548Z"}
{"level":"info","message":"Server running in development mode on port 3000","timestamp":"2025-12-06T19:01:08.603Z"}
{"level":"info","message":"Server running in development mode on port 3000","timestamp":"2025-12-06T19:03:23.338Z"}
{"level":"info","message":"Server running in development mode on port 3000","timestamp":"2025-12-06T19:04:31.770Z"}
{"level":"info","message":"Server running in development mode on port 3000","timestamp":"2025-12-06T19:05:13.528Z"}
{"level":"info","message":"Server running in development mode on port 3000","timestamp":"2025-12-06T19:06:57.977Z"}
{"level":"info","message":"Server running in development mode on port 3000","timestamp":"2025-12-06T19:33:27.497Z"}
{"level":"info","message":"Server running in development mode on port 3000","timestamp":"2025-12-06T19:37:34.181Z"}
{"level":"info","message":"Server running in development mode on port 3000","timestamp":"2025-12-06T19:38:13.593Z"}
{"level":"info","message":"Server running in development mode on port 3000","timestamp":"2025-12-06T19:39:21.988Z"}
{"level":"info","message":"Server running in development mode on port 3000","timestamp":"2025-12-06T19:51:57.524Z"}
{"level":"info","message":"Server running in development mode on port 3000","timestamp":"2025-12-07T08:49:07.042Z"}
{"level":"info","message":"Server running in development mode on port 3000","timestamp":"2025-12-07T08:50:43.976Z"}
{"level":"warn","message":"Slow request: POST /skin-type took 10.23s","timestamp":"2025-12-07T09:22:26.420Z"}
{"level":"warn","message":"Performance: POST /skin-type - 10233.66ms","timestamp":"2025-12-07T09:22:26.422Z"}
{"level":"warn","message":"Slow request: POST /skin-type took 10.24s","timestamp":"2025-12-07T09:23:41.642Z"}
{"level":"warn","message":"Performance: POST /skin-type - 10240.12ms","timestamp":"2025-12-07T09:23:41.645Z"}
{"level":"warn","message":"Slow request: POST /skin-type took 10.23s","timestamp":"2025-12-07T09:24:23.751Z"}
{"level":"warn","message":"Performance: POST /skin-type - 10233.32ms","timestamp":"2025-12-07T09:24:23.753Z"}
{"level":"warn","message":"Slow request: POST /skin-type took 10.45s","timestamp":"2025-12-07T09:24:51.718Z"}
{"level":"warn","message":"Performance: POST /skin-type - 10455.47ms","timestamp":"2025-12-07T09:24:51.720Z"}
{"level":"warn","message":"Slow request: POST /skin-type took 10.25s","timestamp":"2025-12-07T09:27:19.007Z"}
{"level":"warn","message":"Performance: POST /skin-type - 10252.83ms","timestamp":"2025-12-07T09:27:19.009Z"}
{"level":"warn","message":"Slow request: POST /skin-type took 10.23s","timestamp":"2025-12-07T09:28:38.093Z"}
{"level":"warn","message":"Performance: POST /skin-type - 10228.70ms","timestamp":"2025-12-07T09:28:38.095Z"}
{"code":"ECONNREFUSED","level":"error","message":"Redis Client Error:","stack":"AggregateError [ECONNREFUSED]: \n    at internalConnectMultiple (node:net:1134:18)\n    at afterConnectMultiple (node:net:1715:7)","timestamp":"2025-12-07T09:30:45.098Z"}
{"code":"ECONNREFUSED","level":"error","message":"Redis Client Error:","stack":"AggregateError [ECONNREFUSED]: \n    at internalConnectMultiple (node:net:1134:18)\n    at afterConnectMultiple (node:net:1715:7)","timestamp":"2025-12-07T09:30:45.106Z"}
{"code":"ECONNREFUSED","level":"error","message":"Redis Client Error:","stack":"AggregateError [ECONNREFUSED]: \n    at internalConnectMultiple (node:net:1134:18)\n    at afterConnectMultiple (node:net:1715:7)","timestamp":"2025-12-07T09:30:45.211Z"}
{"code":"ECONNREFUSED","level":"error","message":"Redis Client Error:","stack":"AggregateError [ECONNREFUSED]: \n    at internalConnectMultiple (node:net:1134:18)\n    at afterConnectMultiple (node:net:1715:7)","timestamp":"2025-12-07T09:30:45.419Z"}
{"code":"ECONNREFUSED","level":"error","message":"Redis Client Error:","stack":"AggregateError [ECONNREFUSED]: \n    at internalConnectMultiple (node:net:1134:18)\n    at afterConnectMultiple (node:net:1715:7)","timestamp":"2025-12-07T09:30:45.729Z"}
{"code":"ECONNREFUSED","level":"error","message":"Redis Client Error:","stack":"AggregateError [ECONNREFUSED]: \n    at internalConnectMultiple (node:net:1134:18)\n    at afterConnectMultiple (node:net:1715:7)","timestamp":"2025-12-07T09:30:46.134Z"}
{"code":"ECONNREFUSED","level":"error","message":"Redis Client Error:","stack":"AggregateError [ECONNREFUSED]: \n    at internalConnectMultiple (node:net:1134:18)\n    at afterConnectMultiple (node:net:1715:7)","timestamp":"2025-12-07T09:30:46.647Z"}
{"code":"ECONNREFUSED","level":"error","message":"Redis Client Error:","stack":"AggregateError [ECONNREFUSED]: \n    at internalConnectMultiple (node:net:1134:18)\n    at afterConnectMultiple (node:net:1715:7)","timestamp":"2025-12-07T09:30:47.253Z"}
{"code":"ECONNREFUSED","level":"error","message":"Redis Client Error:","stack":"AggregateError [ECONNREFUSED]: \n    at internalConnectMultiple (node:net:1134:18)\n    at afterConnectMultiple (node:net:1715:7)","timestamp":"2025-12-07T09:30:47.961Z"}
{"code":"ECONNREFUSED","level":"error","message":"Redis Client Error:","stack":"AggregateError [ECONNREFUSED]: \n    at internalConnectMultiple (node:net:1134:18)\n    at afterConnectMultiple (node:net:1715:7)","timestamp":"2025-12-07T09:30:48.767Z"}
{"code":"ECONNREFUSED","level":"error","message":"Redis Client Error:","stack":"AggregateError [ECONNREFUSED]: \n    at internalConnectMultiple (node:net:1134:18)\n    at afterConnectMultiple (node:net:1715:7)","timestamp":"2025-12-07T09:30:49.675Z"}
{"level":"error","message":"Redis: Max reconnection attempts reached","timestamp":"2025-12-07T09:30:50.677Z"}
{"code":"ECONNREFUSED","level":"error","message":"Redis Client Error:","stack":"AggregateError [ECONNREFUSED]: \n    at internalConnectMultiple (node:net:1134:18)\n    at afterConnectMultiple (node:net:1715:7)","timestamp":"2025-12-07T09:30:50.678Z"}
{"level":"warn","message":"⚠️  Redis connection failed:","timestamp":"2025-12-07T09:30:50.678Z"}
{"level":"warn","message":"⚠️  Continuing without Redis cache","timestamp":"2025-12-07T09:30:50.679Z"}
{"level":"info","message":"Server running in development mode on port 3000","timestamp":"2025-12-07T09:30:50.681Z"}
{"level":"info","message":"✅ Redis Client Connected","timestamp":"2025-12-07T09:38:10.345Z"}
{"level":"info","message":"Server running in development mode on port 3000","timestamp":"2025-12-07T09:38:10.362Z"}
{"level":"info","message":"✅ Redis Client Connected","timestamp":"2025-12-07T09:42:14.194Z"}
{"level":"info","message":"Server running in development mode on port 3000","timestamp":"2025-12-07T09:42:14.207Z"}
{"level":"debug","message":"Cache MISS: cache:GET:/api/v1/products:anonymous","timestamp":"2025-12-07T09:44:18.165Z"}
{"level":"error","message":"productService.getAllProducts is not a function","stack":"TypeError: productService.getAllProducts is not a function\n    at getAllProducts (C:\\Users\\KUMRU ÇELİK\\Desktop\\GLOWMANCE\\src\\controllers\\productController.js:6:45)\n    at Layer.handle [as handle_request] (C:\\Users\\KUMRU ÇELİK\\Desktop\\GLOWMANCE\\node_modules\\express\\lib\\router\\layer.js:95:5)\n    at next (C:\\Users\\KUMRU ÇELİK\\Desktop\\GLOWMANCE\\node_modules\\express\\lib\\router\\route.js:149:13)\n    at C:\\Users\\KUMRU ÇELİK\\Desktop\\GLOWMANCE\\src\\middleware\\cacheMiddleware.js:52:7\n    at process.processTicksAndRejections (node:internal/process/task_queues:105:5)","timestamp":"2025-12-07T09:44:18.167Z"}
{"level":"debug","message":"Cache MISS: cache:GET:/api/v1/products:anonymous","timestamp":"2025-12-07T09:44:18.260Z"}
{"level":"error","message":"productService.getAllProducts is not a function","stack":"TypeError: productService.getAllProducts is not a function\n    at getAllProducts (C:\\Users\\KUMRU ÇELİK\\Desktop\\GLOWMANCE\\src\\controllers\\productController.js:6:45)\n    at Layer.handle [as handle_request] (C:\\Users\\KUMRU ÇELİK\\Desktop\\GLOWMANCE\\node_modules\\express\\lib\\router\\layer.js:95:5)\n    at next (C:\\Users\\KUMRU ÇELİK\\Desktop\\GLOWMANCE\\node_modules\\express\\lib\\router\\route.js:149:13)\n    at C:\\Users\\KUMRU ÇELİK\\Desktop\\GLOWMANCE\\src\\middleware\\cacheMiddleware.js:52:7\n    at process.processTicksAndRejections (node:internal/process/task_queues:105:5)","timestamp":"2025-12-07T09:44:18.261Z"}
{"level":"info","message":"✅ Redis Client Connected","timestamp":"2025-12-07T09:45:25.900Z"}
{"level":"info","message":"Server running in development mode on port 3000","timestamp":"2025-12-07T09:45:25.911Z"}
{"level":"debug","message":"Cache MISS: cache:GET:/api/v1/products:anonymous","timestamp":"2025-12-07T09:45:38.570Z"}
{"level":"debug","message":"Cache HIT: cache:GET:/api/v1/products:anonymous","timestamp":"2025-12-07T09:45:38.685Z"}
{"level":"info","message":"✅ Redis Client Connected","timestamp":"2025-12-07T09:46:09.481Z"}
{"level":"info","message":"Server running in development mode on port 3000","timestamp":"2025-12-07T09:46:09.494Z"}
{"level":"debug","message":"Cache HIT: cache:GET:/api/v1/products:anonymous","timestamp":"2025-12-07T09:46:37.711Z"}
{"level":"debug","message":"Cache HIT: cache:GET:/api/v1/products:anonymous","timestamp":"2025-12-07T09:46:37.809Z"}
{"level":"warn","message":"Slow request: POST /skin-type took 10.29s","timestamp":"2025-12-07T09:47:25.706Z"}
{"level":"warn","message":"Performance: POST /skin-type - 10289.62ms","timestamp":"2025-12-07T09:47:25.708Z"}
